2025-11-10 20:45:13, qwer, 로그인
2025-11-10 20:45:13, qwer, 탭 '활동하기' 선택
2025-11-10 20:45:13, qwer, 탭 '자료 업로드' 선택
2025-11-10 20:47:46, qwer, 로그인
2025-11-10 20:47:46, qwer, 탭 '활동하기' 선택
2025-11-10 20:47:46, qwer, 탭 '자료 업로드' 선택
2025-11-10 20:47:52, qwer, 로그인
2025-11-10 20:47:52, qwer, 탭 '데이터 분석 정리하기' 선택
2025-11-10 20:47:52, qwer, 탭 '느낀 점 공유하기' 선택
2025-11-10 20:47:53, qwer, 로그인
2025-11-10 20:47:53, qwer, 탭 '활동 안내' 선택
2025-11-10 20:47:53, qwer, 탭 '활동하기' 선택
2025-11-10 20:47:53, qwer, 탭 '자료 업로드' 선택
2025-11-10 20:50:23, qwer, 로그인
2025-11-10 20:50:23, qwer, 탭 '엘리뇨와 라니냐' 선택
2025-11-10 20:50:23, qwer, 탭 '우리나라 기후에 미치는 영향' 선택
2025-11-10 20:50:23, qwer, 탭 '엘리뇨와 라니냐의 기준' 선택
2025-11-10 20:50:23, qwer, 탭 '파일 업로드' 선택
2025-11-10 20:50:25, qwer, 로그인
2025-11-10 20:50:25, qwer, 탭 '활동 안내' 선택
2025-11-10 20:50:25, qwer, 탭 '활동하기' 선택
2025-11-10 20:50:25, qwer, 탭 '자료 업로드' 선택
2025-11-10 20:59:40, qwer, 로그인
2025-11-10 20:59:40, qwer, 탭 '활동하기' 선택
2025-11-10 20:59:40, qwer, 탭 '자료 업로드' 선택
2025-11-10 21:01:55, qwer, 로그인
2025-11-10 21:01:55, qwer, 탭 '활동하기' 선택
2025-11-10 21:01:55, qwer, 탭 '자료 업로드' 선택
2025-11-10 21:03:52, qwer, 로그인
2025-11-10 21:03:52, qwer, 탭 '활동하기' 선택
2025-11-10 21:03:52, qwer, 탭 '자료 업로드' 선택
2025-11-10 23:18:45, qwer, 로그인
2025-11-10 23:18:45, qwer, 탭 '활동하기' 선택
2025-11-10 23:18:45, qwer, 탭 '자료 업로드' 선택
2025-11-10 23:20:03, qwer, 로그인
2025-11-10 23:20:03, qwer, 탭 '활동하기' 선택
2025-11-10 23:20:03, qwer, 탭 '자료 업로드' 선택
2025-11-10 23:20:35, qwer, 로그인
2025-11-10 23:20:35, qwer, 탭 '활동하기' 선택
2025-11-10 23:20:35, qwer, 탭 '자료 업로드' 선택
2025-11-10 23:23:16, qwer, 로그인
2025-11-10 23:23:16, qwer, 탭 '활동하기' 선택
2025-11-10 23:23:16, qwer, 탭 '자료 업로드' 선택
2025-11-10 23:36:07, qwer, 로그인
2025-11-10 23:36:07, qwer, 탭 '활동하기' 선택
2025-11-10 23:36:07, qwer, 탭 '자료 업로드' 선택
2025-11-10 23:40:08, qwer, 로그인
2025-11-10 23:40:08, qwer, 탭 '활동하기' 선택
2025-11-10 23:40:08, qwer, 탭 '자료 업로드' 선택
2025-11-10 23:41:51, qwer, 로그인
2025-11-10 23:41:51, qwer, 탭 '활동하기' 선택
2025-11-10 23:41:51, qwer, 탭 '자료 업로드' 선택
2025-11-10 23:44:30, qwer, 로그인
2025-11-10 23:44:30, qwer, 탭 '활동 안내' 선택
2025-11-10 23:44:30, qwer, 탭 '활동하기' 선택
2025-11-10 23:44:30, qwer, 탭 '자료 업로드' 선택
2025-11-10 23:45:17, qwer, 로그인
2025-11-10 23:45:17, qwer, 탭 '활동 안내' 선택
2025-11-10 23:45:17, qwer, 탭 '활동하기' 선택
2025-11-10 23:45:17, qwer, 탭 '자료 업로드' 선택
2025-11-10 23:45:41, qwer, 로그인
2025-11-10 23:45:41, qwer, 탭 '활동 안내' 선택
2025-11-10 23:45:41, qwer, 탭 '활동하기' 선택
2025-11-10 23:45:41, qwer, 탭 '자료 업로드' 선택
2025-11-10 23:46:37, qwer, 로그인
2025-11-10 23:46:37, qwer, 탭 '활동 안내' 선택
2025-11-10 23:46:37, qwer, 탭 '활동하기' 선택
2025-11-10 23:46:37, qwer, 탭 '자료 업로드' 선택
2025-11-10 23:46:45, qwer, 로그인
2025-11-10 23:46:45, qwer, 탭 '활동 안내' 선택
2025-11-10 23:46:45, qwer, 탭 '활동하기' 선택
2025-11-10 23:46:45, qwer, 탭 '자료 업로드' 선택
2025-11-10 23:47:00, qwer, 로그인
2025-11-10 23:47:00, qwer, 탭 '활동 안내' 선택
2025-11-10 23:47:00, qwer, 탭 '활동하기' 선택
2025-11-10 23:47:00, qwer, 탭 '자료 업로드' 선택
2025-11-10 23:47:36, qwer, 로그인
2025-11-10 23:47:36, qwer, 탭 '활동 안내' 선택
2025-11-10 23:47:36, qwer, 탭 '활동하기' 선택
2025-11-10 23:47:36, qwer, 탭 '자료 업로드' 선택
2025-11-10 23:47:44, qwer, 로그인
2025-11-10 23:47:44, qwer, 탭 '활동 안내' 선택
2025-11-10 23:47:44, qwer, 탭 '활동하기' 선택
2025-11-10 23:47:44, qwer, 탭 '자료 업로드' 선택
2025-11-10 23:48:20, qwer, 로그인
2025-11-10 23:48:20, qwer, 탭 '활동 안내' 선택
2025-11-10 23:48:20, qwer, 탭 '활동하기' 선택
2025-11-10 23:48:20, qwer, 탭 '자료 업로드' 선택
2025-11-10 23:48:55, qwer, 로그인
2025-11-10 23:48:55, qwer, 탭 '활동 안내' 선택
2025-11-10 23:48:55, qwer, 탭 '활동하기' 선택
2025-11-10 23:48:55, qwer, 탭 '자료 업로드' 선택
2025-11-10 23:50:15, qwer, 로그인
2025-11-10 23:50:15, qwer, 탭 '활동 안내' 선택
2025-11-10 23:50:15, qwer, 탭 '활동하기' 선택
2025-11-10 23:50:15, qwer, 탭 '자료 업로드' 선택
2025-11-10 23:50:22, qwer, 로그인
2025-11-10 23:50:22, qwer, 탭 '활동 안내' 선택
2025-11-10 23:50:22, qwer, 탭 '활동하기' 선택
2025-11-10 23:50:22, qwer, 탭 '자료 업로드' 선택
2025-11-10 23:52:03, qwer, 로그인
2025-11-10 23:52:03, qwer, 탭 '활동 안내' 선택
2025-11-10 23:52:03, qwer, 탭 '활동하기' 선택
2025-11-10 23:52:03, qwer, 탭 '자료 업로드' 선택
2025-11-10 23:52:59, qwer, 로그인
2025-11-10 23:52:59, qwer, 탭 '활동 안내' 선택
2025-11-10 23:52:59, qwer, 탭 '활동하기' 선택
2025-11-10 23:52:59, qwer, 탭 '자료 업로드' 선택
2025-11-10 23:53:56, qwer, 로그인
2025-11-10 23:53:56, qwer, 탭 '활동 안내' 선택
2025-11-10 23:53:56, qwer, 탭 '활동하기' 선택
2025-11-10 23:53:56, qwer, 탭 '자료 업로드' 선택
2025-11-10 23:54:33, qwer, 로그인
2025-11-10 23:54:33, qwer, 탭 '활동 안내' 선택
2025-11-10 23:54:33, qwer, 탭 '활동하기' 선택
2025-11-10 23:54:33, qwer, 탭 '자료 업로드' 선택
2025-11-10 23:54:46, qwer, 로그인
2025-11-10 23:54:46, qwer, 탭 '활동 안내' 선택
2025-11-10 23:54:46, qwer, 탭 '활동하기' 선택
2025-11-10 23:54:46, qwer, 탭 '자료 업로드' 선택
